Change Component Comment : Designator=R16 Old Comment=Res2 New Comment=0R
Change Component Comment : Designator=R14 Old Comment=Res2 New Comment=1k
Change Component Comment : Designator=R2 Old Comment=Res2 New Comment=2k
Change Component Comment : Designator=R15 Old Comment=Res2 New Comment=3k
Change Component Comment : Designator=R9 Old Comment=Res2 New Comment=5k1
Change Component Comment : Designator=R10 Old Comment=Res2 New Comment=5k1
Change Component Comment : Designator=R17 Old Comment=Res2 New Comment=5k1
Change Component Comment : Designator=R18 Old Comment=Res2 New Comment=5k1
Change Component Comment : Designator=R1 Old Comment=Res2 New Comment=10k
Change Component Comment : Designator=R5 Old Comment=Res2 New Comment=10k
Change Component Comment : Designator=R8 Old Comment=Res2 New Comment=10k
Change Component Comment : Designator=R11 Old Comment=Res2 New Comment=10k
Change Component Comment : Designator=R12 Old Comment=Res2 New Comment=10k
Change Component Comment : Designator=R13 Old Comment=Res2 New Comment=10k
Change Component Comment : Designator=R6 Old Comment=Res2 New Comment=82R
Change Component Comment : Designator=R3 Old Comment=Res2 New Comment=270R
Change Component Comment : Designator=R4 Old Comment=Res2 New Comment=430R
Change Component Comment : Designator=R7 Old Comment=Res2 New Comment=430R
Added Component: Designator=Y1(ECS-2033-147.4-BN)
Added Pin To Net: NetName=+3V3 Pin=Y1-1
Added Pin To Net: NetName=GND Pin=Y1-2
Added Pin To Net: NetName=OSC Pin=Y1-3
Added Pin To Net: NetName=+3V3 Pin=Y1-4
Added Member To Class: ClassName=2230_TubePitotDeporte_Schematic_v1.0.0 Member=Component Y1 ECS-2033-147.4-BN
Added Room: Name=2230_TubePitotDeporte_Schematic_v1.0.0
