Change Component Comment : Designator=R16 Old Comment=Res2 New Comment=0R
Change Component Comment : Designator=R14 Old Comment=Res2 New Comment=1k
Change Component Comment : Designator=R2 Old Comment=Res2 New Comment=2k
Change Component Comment : Designator=R15 Old Comment=Res2 New Comment=3k
Change Component Comment : Designator=R9 Old Comment=Res2 New Comment=5k1
Change Component Comment : Designator=R10 Old Comment=Res2 New Comment=5k1
Change Component Comment : Designator=R17 Old Comment=Res2 New Comment=5k1
Change Component Comment : Designator=R18 Old Comment=Res2 New Comment=5k1
Change Component Comment : Designator=R1 Old Comment=Res2 New Comment=10k
Change Component Comment : Designator=R5 Old Comment=Res2 New Comment=10k
Change Component Comment : Designator=R8 Old Comment=Res2 New Comment=10k
Change Component Comment : Designator=R11 Old Comment=Res2 New Comment=10k
Change Component Comment : Designator=R12 Old Comment=Res2 New Comment=10k
Change Component Comment : Designator=R13 Old Comment=Res2 New Comment=10k
Change Component Comment : Designator=R6 Old Comment=Res2 New Comment=82R
Change Component Comment : Designator=R3 Old Comment=Res2 New Comment=270R
Change Component Comment : Designator=R4 Old Comment=Res2 New Comment=430R
Change Component Comment : Designator=R7 Old Comment=Res2 New Comment=430R
Change Component Description : Designator=U6 Old Description= New Description=Air sensor
Change Component Description : Designator=P2 Old Description= New Description=Prog
Change Component Description : Designator=P1 Old Description= New Description=USBC connector
Change component parameters: Designator = "R3" ("R3"); Footprint = "0805 Res"; UniqueID = "\NWWYMQPL" ("\NWWYMQPL")
Change component parameters (AddParameter): Name = "LatestRevisionDate"; Value = "17-Jul-2002"; VariantName = "[No Variations]"
Change component parameters (AddParameter): Name = "LatestRevisionNote"; Value = "Re-released for DXP Platform."; VariantName = "[No Variations]"
Change component parameters (AddParameter): Name = "PackageDescription"; Value = "Axial Device, Thru-Hole; 2 Leads; 0.4 in Pin Spacing"; VariantName = "[No Variations]"
Change component parameters (AddParameter): Name = "PackageReference"; Value = "AXIAL-0.4"; VariantName = "[No Variations]"
Change component parameters (AddParameter): Name = "Published"; Value = "8-Jun-2000"; VariantName = "[No Variations]"
Change component parameters (AddParameter): Name = "Publisher"; Value = "Altium Limited"; VariantName = "[No Variations]"
Change component parameters (AddParameter): Name = "Value"; Value = "270"; VariantName = "[No Variations]"
Change component parameters: Designator = "R6" ("R6"); Footprint = "0805 Res"; UniqueID = "\PNQJWCFX" ("\PNQJWCFX")
Change component parameters (AddParameter): Name = "LatestRevisionDate"; Value = "17-Jul-2002"; VariantName = "[No Variations]"
Change component parameters (AddParameter): Name = "LatestRevisionNote"; Value = "Re-released for DXP Platform."; VariantName = "[No Variations]"
Change component parameters (AddParameter): Name = "PackageDescription"; Value = "Axial Device, Thru-Hole; 2 Leads; 0.4 in Pin Spacing"; VariantName = "[No Variations]"
Change component parameters (AddParameter): Name = "PackageReference"; Value = "AXIAL-0.4"; VariantName = "[No Variations]"
Change component parameters (AddParameter): Name = "Published"; Value = "8-Jun-2000"; VariantName = "[No Variations]"
Change component parameters (AddParameter): Name = "Publisher"; Value = "Altium Limited"; VariantName = "[No Variations]"
Change component parameters (AddParameter): Name = "Value"; Value = "82"; VariantName = "[No Variations]"
Change component parameters: Designator = "R9" ("R9"); Footprint = "0805 Res"; UniqueID = "\HGBWWKLZ" ("\HGBWWKLZ")
Change component parameters (AddParameter): Name = "LatestRevisionDate"; Value = "17-Jul-2002"; VariantName = "[No Variations]"
Change component parameters (AddParameter): Name = "LatestRevisionNote"; Value = "Re-released for DXP Platform."; VariantName = "[No Variations]"
Change component parameters (AddParameter): Name = "PackageDescription"; Value = "Axial Device, Thru-Hole; 2 Leads; 0.4 in Pin Spacing"; VariantName = "[No Variations]"
Change component parameters (AddParameter): Name = "PackageReference"; Value = "AXIAL-0.4"; VariantName = "[No Variations]"
Change component parameters (AddParameter): Name = "Published"; Value = "8-Jun-2000"; VariantName = "[No Variations]"
Change component parameters (AddParameter): Name = "Publisher"; Value = "Altium Limited"; VariantName = "[No Variations]"
Change component parameters (AddParameter): Name = "Value"; Value = "5k1"; VariantName = "[No Variations]"
Change component parameters: Designator = "R10" ("R10"); Footprint = "0805 Res"; UniqueID = "\AUQYQHVY" ("\AUQYQHVY")
Change component parameters (AddParameter): Name = "LatestRevisionDate"; Value = "17-Jul-2002"; VariantName = "[No Variations]"
Change component parameters (AddParameter): Name = "LatestRevisionNote"; Value = "Re-released for DXP Platform."; VariantName = "[No Variations]"
Change component parameters (AddParameter): Name = "PackageDescription"; Value = "Axial Device, Thru-Hole; 2 Leads; 0.4 in Pin Spacing"; VariantName = "[No Variations]"
Change component parameters (AddParameter): Name = "PackageReference"; Value = "AXIAL-0.4"; VariantName = "[No Variations]"
Change component parameters (AddParameter): Name = "Published"; Value = "8-Jun-2000"; VariantName = "[No Variations]"
Change component parameters (AddParameter): Name = "Publisher"; Value = "Altium Limited"; VariantName = "[No Variations]"
Change component parameters (AddParameter): Name = "Value"; Value = "5k1"; VariantName = "[No Variations]"
Change component parameters: Designator = "R17" ("R17"); Footprint = "0805 Res"; UniqueID = "\WOAVBUKH" ("\WOAVBUKH")
Change component parameters (AddParameter): Name = "LatestRevisionDate"; Value = "17-Jul-2002"; VariantName = "[No Variations]"
Change component parameters (AddParameter): Name = "LatestRevisionNote"; Value = "Re-released for DXP Platform."; VariantName = "[No Variations]"
Change component parameters (AddParameter): Name = "PackageDescription"; Value = "Axial Device, Thru-Hole; 2 Leads; 0.4 in Pin Spacing"; VariantName = "[No Variations]"
Change component parameters (AddParameter): Name = "PackageReference"; Value = "AXIAL-0.4"; VariantName = "[No Variations]"
Change component parameters (AddParameter): Name = "Published"; Value = "8-Jun-2000"; VariantName = "[No Variations]"
Change component parameters (AddParameter): Name = "Publisher"; Value = "Altium Limited"; VariantName = "[No Variations]"
Change component parameters (AddParameter): Name = "Value"; Value = "5k1"; VariantName = "[No Variations]"
Change component parameters: Designator = "R18" ("R18"); Footprint = "0805 Res"; UniqueID = "\ABAUUBVZ" ("\ABAUUBVZ")
Change component parameters (AddParameter): Name = "LatestRevisionDate"; Value = "17-Jul-2002"; VariantName = "[No Variations]"
Change component parameters (AddParameter): Name = "LatestRevisionNote"; Value = "Re-released for DXP Platform."; VariantName = "[No Variations]"
Change component parameters (AddParameter): Name = "PackageDescription"; Value = "Axial Device, Thru-Hole; 2 Leads; 0.4 in Pin Spacing"; VariantName = "[No Variations]"
Change component parameters (AddParameter): Name = "PackageReference"; Value = "AXIAL-0.4"; VariantName = "[No Variations]"
Change component parameters (AddParameter): Name = "Published"; Value = "8-Jun-2000"; VariantName = "[No Variations]"
Change component parameters (AddParameter): Name = "Publisher"; Value = "Altium Limited"; VariantName = "[No Variations]"
Change component parameters (AddParameter): Name = "Value"; Value = "5k1"; VariantName = "[No Variations]"
Added Component: Designator=Y1(ECS-2033-147.4-BN)
Added Pin To Net: NetName=+3V3 Pin=Y1-1
Added Pin To Net: NetName=GND Pin=Y1-2
Added Pin To Net: NetName=OSC Pin=Y1-3
Added Pin To Net: NetName=+3V3 Pin=Y1-4
Added Member To Class: ClassName=2230_TubePitotDeporte_Schematic_v1.0.0 Member=Component Y1 ECS-2033-147.4-BN
Added Room: Name=2230_TubePitotDeporte_Schematic_v1.0.0
